Started GET "/meeting/1" for 127.0.0.1 at 2017-12-05 18:59:34 +0100
  [1m[35m (0.6ms)[0m  [1m[34mSELECT "schema_migrations"."version" FROM "schema_migrations" ORDER BY "schema_migrations"."version" ASC[0m
  
ActionController::RoutingError (No route matches [GET] "/meeting/1"):
  
actionpack (5.1.4) lib/action_dispatch/middleware/debug_exceptions.rb:63:in `call'
web-console (3.5.1) lib/web_console/middleware.rb:135:in `call_app'
web-console (3.5.1) lib/web_console/middleware.rb:28:in `block in call'
web-console (3.5.1) lib/web_console/middleware.rb:18:in `catch'
web-console (3.5.1) lib/web_console/middleware.rb:18:in `call'
actionpack (5.1.4) lib/action_dispatch/middleware/show_exceptions.rb:31:in `call'
railties (5.1.4) lib/rails/rack/logger.rb:36:in `call_app'
railties (5.1.4) lib/rails/rack/logger.rb:24:in `block in call'
activesupport (5.1.4) lib/active_support/tagged_logging.rb:69:in `block in tagged'
activesupport (5.1.4) lib/active_support/tagged_logging.rb:26:in `tagged'
activesupport (5.1.4) lib/active_support/tagged_logging.rb:69:in `tagged'
railties (5.1.4) lib/rails/rack/logger.rb:24:in `call'
sprockets-rails (3.2.1) lib/sprockets/rails/quiet_assets.rb:13:in `call'
actionpack (5.1.4) lib/action_dispatch/middleware/remote_ip.rb:79:in `call'
actionpack (5.1.4) lib/action_dispatch/middleware/request_id.rb:25:in `call'
rack (2.0.3) lib/rack/method_override.rb:22:in `call'
rack (2.0.3) lib/rack/runtime.rb:22:in `call'
activesupport (5.1.4) lib/active_support/cache/strategy/local_cache_middleware.rb:27:in `call'
actionpack (5.1.4) lib/action_dispatch/middleware/executor.rb:12:in `call'
actionpack (5.1.4) lib/action_dispatch/middleware/static.rb:125:in `call'
rack (2.0.3) lib/rack/sendfile.rb:111:in `call'
railties (5.1.4) lib/rails/engine.rb:522:in `call'
puma (3.11.0) lib/puma/configuration.rb:225:in `call'
puma (3.11.0) lib/puma/server.rb:624:in `handle_request'
puma (3.11.0) lib/puma/server.rb:438:in `process_client'
puma (3.11.0) lib/puma/server.rb:302:in `block in run'
puma (3.11.0) lib/puma/thread_pool.rb:120:in `block in spawn_thread'
Started GET "/meeting/1" for 127.0.0.1 at 2017-12-05 19:00:28 +0100
Processing by MeetingController#show as HTML
  Parameters: {"id"=>"1"}
  [1m[36mUser Load (0.4ms)[0m  [1m[34mSELECT  "users".* FROM "users" WHERE "users"."id" = $1 LIMIT $2[0m  [["id", 13], ["LIMIT", 1]]
  [1m[36mMeeting Load (0.3ms)[0m  [1m[34mSELECT  "meetings".* FROM "meetings" WHERE "meetings"."id" = $1 LIMIT $2[0m  [["id", 1], ["LIMIT", 1]]
  Rendering meeting/show.html.erb within layouts/application
  Rendered shared/_header.html.erb (0.2ms)
  Rendered shared/_sidebar.html.erb (1.9ms)
  Rendered meeting/show.html.erb within layouts/application (4.6ms)
Completed 500 Internal Server Error in 85ms (ActiveRecord: 6.7ms)


  
ActionView::Template::Error (undefined method `nickname' for nil:NilClass):
    3:       <!-- This adds a sidebar with 1 searchbox,2 menusets, each with 4 links -->
    4: 
    5: 
    6: 		<div><%= image_tag(if Rails.application.assets.find_asset("profileImages/" + @user.nickname + ".png").nil?
    7: 		  "defaultProfileImage.png"
    8: 		else
    9: 		  "profileImages/" + @user.nickname + ".png"
  
app/views/shared/_sidebar.html.erb:6:in `_app_views_shared__sidebar_html_erb___3960158175417582160_69815772266820'
app/views/meeting/show.html.erb:3:in `_app_views_meeting_show_html_erb___2742742297974157599_69815772359260'
Started GET "/meeting/1" for 127.0.0.1 at 2017-12-05 19:00:53 +0100
Processing by MeetingController#show as HTML
  Parameters: {"id"=>"1"}
  [1m[36mUser Load (4.4ms)[0m  [1m[34mSELECT  "users".* FROM "users" WHERE "users"."id" = $1 LIMIT $2[0m  [["id", 13], ["LIMIT", 1]]
  [1m[36mMeeting Load (0.8ms)[0m  [1m[34mSELECT  "meetings".* FROM "meetings" WHERE "meetings"."id" = $1 LIMIT $2[0m  [["id", 1], ["LIMIT", 1]]
  Rendering meeting/show.html.erb within layouts/application
  Rendered shared/_header.html.erb (0.9ms)
  Rendered shared/_sidebar.html.erb (4.5ms)
  Rendered meeting/show.html.erb within layouts/application (9.3ms)
Completed 500 Internal Server Error in 22ms (ActiveRecord: 5.2ms)


  
ActionView::Template::Error (undefined method `nickname' for nil:NilClass):
    3:       <!-- This adds a sidebar with 1 searchbox,2 menusets, each with 4 links -->
    4: 
    5: 
    6: 		<div><%= image_tag(if Rails.application.assets.find_asset("profileImages/" + @user.nickname + ".png").nil?
    7: 		  "defaultProfileImage.png"
    8: 		else
    9: 		  "profileImages/" + @user.nickname + ".png"
  
app/views/shared/_sidebar.html.erb:6:in `_app_views_shared__sidebar_html_erb___3960158175417582160_69815771105600'
app/views/meeting/show.html.erb:3:in `_app_views_meeting_show_html_erb___2742742297974157599_69815771190880'
Started GET "/meeting/1" for 127.0.0.1 at 2017-12-05 19:00:54 +0100
Processing by MeetingController#show as HTML
  Parameters: {"id"=>"1"}
  [1m[36mUser Load (0.3ms)[0m  [1m[34mSELECT  "users".* FROM "users" WHERE "users"."id" = $1 LIMIT $2[0m  [["id", 13], ["LIMIT", 1]]
  [1m[36mMeeting Load (0.3ms)[0m  [1m[34mSELECT  "meetings".* FROM "meetings" WHERE "meetings"."id" = $1 LIMIT $2[0m  [["id", 1], ["LIMIT", 1]]
  Rendering meeting/show.html.erb within layouts/application
  Rendered shared/_header.html.erb (0.2ms)
  Rendered shared/_sidebar.html.erb (597.9ms)
  Rendered shared/_footer.html.erb (0.3ms)
  Rendered meeting/show.html.erb within layouts/application (601.1ms)
Completed 200 OK in 948ms (Views: 897.5ms | ActiveRecord: 7.5ms)


Started GET "/meeting/1" for 127.0.0.1 at 2017-12-05 19:01:17 +0100
Processing by MeetingController#show as HTML
  Parameters: {"id"=>"1"}
  [1m[36mUser Load (0.5ms)[0m  [1m[34mSELECT  "users".* FROM "users" WHERE "users"."id" = $1 LIMIT $2[0m  [["id", 13], ["LIMIT", 1]]
  [1m[36mMeeting Load (0.5ms)[0m  [1m[34mSELECT  "meetings".* FROM "meetings" WHERE "meetings"."id" = $1 LIMIT $2[0m  [["id", 1], ["LIMIT", 1]]
  Rendering meeting/show.html.erb within layouts/application
  Rendered shared/_header.html.erb (0.3ms)
  Rendered shared/_sidebar.html.erb (2.3ms)
  Rendered shared/_footer.html.erb (0.3ms)
  Rendered meeting/show.html.erb within layouts/application (5.6ms)
Completed 200 OK in 174ms (Views: 170.0ms | ActiveRecord: 0.9ms)


Started GET "/" for 127.0.0.1 at 2017-12-05 19:06:50 +0100
Processing by HomepageController#index as HTML
  Rendering homepage/index.html.erb within layouts/application
  Rendered homepage/index.html.erb within layouts/application (4.0ms)
Completed 500 Internal Server Error in 47ms (ActiveRecord: 0.0ms)


  
ActionView::Template::Error (Invalid CSS after "...ackground-image": expected selector or at-rule, was ": image-url("ho..."):
    4:     <title>Travlendar</title>
    5:     <%= csrf_meta_tags %>
    6: 
    7:     <%= stylesheet_link_tag    'application', media: 'all', 'data-turbolinks-track': 'reload' %>
    8:     <%= javascript_include_tag 'application', 'data-turbolinks-track': 'reload' %>
    9:   </head>
   10: 
  
app/assets/stylesheets/application.css.scss:26
app/views/layouts/application.html.erb:7:in `_app_views_layouts_application_html_erb___1560792068340894802_69815519097400'
Started GET "/" for 127.0.0.1 at 2017-12-05 19:08:12 +0100
Processing by HomepageController#index as HTML
  Rendering homepage/index.html.erb within layouts/application
  Rendered homepage/index.html.erb within layouts/application (13.8ms)
Completed 500 Internal Server Error in 51ms (ActiveRecord: 0.0ms)


  
ActionView::Template::Error (Invalid CSS after "...ckground-image:": expected expression (e.g. 1px, bold), was "}"):
    4:     <title>Travlendar</title>
    5:     <%= csrf_meta_tags %>
    6: 
    7:     <%= stylesheet_link_tag    'application', media: 'all', 'data-turbolinks-track': 'reload' %>
    8:     <%= javascript_include_tag 'application', 'data-turbolinks-track': 'reload' %>
    9:   </head>
   10: 
  
app/assets/stylesheets/application.css.scss:208
app/views/layouts/application.html.erb:7:in `_app_views_layouts_application_html_erb___1560792068340894802_69815518545040'
Started GET "/" for 127.0.0.1 at 2017-12-05 19:08:40 +0100
Processing by HomepageController#index as HTML
  Rendering homepage/index.html.erb within layouts/application
  Rendered homepage/index.html.erb within layouts/application (4.3ms)
Completed 500 Internal Server Error in 39ms (ActiveRecord: 0.0ms)


  
ActionView::Template::Error (Invalid CSS after "...ckground-image:": expected expression (e.g. 1px, bold), was "}"):
    4:     <title>Travlendar</title>
    5:     <%= csrf_meta_tags %>
    6: 
    7:     <%= stylesheet_link_tag    'application', media: 'all', 'data-turbolinks-track': 'reload' %>
    8:     <%= javascript_include_tag 'application', 'data-turbolinks-track': 'reload' %>
    9:   </head>
   10: 
  
app/assets/stylesheets/application.css.scss:208
app/views/layouts/application.html.erb:7:in `_app_views_layouts_application_html_erb___1560792068340894802_69815518239720'
Started GET "/" for 127.0.0.1 at 2017-12-05 19:09:43 +0100
Processing by HomepageController#index as HTML
  Rendering homepage/index.html.erb within layouts/application
  Rendered homepage/index.html.erb within layouts/application (3.6ms)
Completed 500 Internal Server Error in 155ms (ActiveRecord: 0.0ms)


  
ActionView::Template::Error (Undefined variable: "$background_image_url".):
    4:     <title>Travlendar</title>
    5:     <%= csrf_meta_tags %>
    6: 
    7:     <%= stylesheet_link_tag    'application', media: 'all', 'data-turbolinks-track': 'reload' %>
    8:     <%= javascript_include_tag 'application', 'data-turbolinks-track': 'reload' %>
    9:   </head>
   10: 
  
app/assets/stylesheets/homepage.scss:15
app/views/layouts/application.html.erb:7:in `_app_views_layouts_application_html_erb___1560792068340894802_69815510333040'
Started GET "/" for 127.0.0.1 at 2017-12-05 19:11:05 +0100
Processing by HomepageController#index as HTML
  Rendering homepage/index.html.erb within layouts/application
  Rendered homepage/index.html.erb within layouts/application (8.6ms)
Completed 500 Internal Server Error in 159ms (ActiveRecord: 0.0ms)


  
ActionView::Template::Error (Undefined variable: "$background_image_url".):
    4:     <title>Travlendar</title>
    5:     <%= csrf_meta_tags %>
    6: 
    7:     <%= stylesheet_link_tag    'application', media: 'all', 'data-turbolinks-track': 'reload' %>
    8:     <%= javascript_include_tag 'application', 'data-turbolinks-track': 'reload' %>
    9:   </head>
   10: 
  
app/assets/stylesheets/homepage.scss:15
app/views/layouts/application.html.erb:7:in `_app_views_layouts_application_html_erb___1560792068340894802_69815505896140'
Started GET "/" for 127.0.0.1 at 2017-12-05 19:11:44 +0100
Processing by HomepageController#index as HTML
  Rendering homepage/index.html.erb within layouts/application
  Rendered homepage/index.html.erb within layouts/application (6.7ms)
Completed 500 Internal Server Error in 82ms (ActiveRecord: 0.0ms)


  
ActionView::Template::Error (Invalid CSS after "...ude application": expected selector or at-rule, was ".css.scss;"):
    4:     <title>Travlendar</title>
    5:     <%= csrf_meta_tags %>
    6: 
    7:     <%= stylesheet_link_tag    'application', media: 'all', 'data-turbolinks-track': 'reload' %>
    8:     <%= javascript_include_tag 'application', 'data-turbolinks-track': 'reload' %>
    9:   </head>
   10: 
  
app/assets/stylesheets/homepage.scss:5
app/views/layouts/application.html.erb:7:in `_app_views_layouts_application_html_erb___1560792068340894802_69815781789340'
Started GET "/" for 127.0.0.1 at 2017-12-05 19:11:56 +0100
Processing by HomepageController#index as HTML
  Rendering homepage/index.html.erb within layouts/application
  Rendered homepage/index.html.erb within layouts/application (5.8ms)
Completed 500 Internal Server Error in 101ms (ActiveRecord: 0.0ms)


  
ActionView::Template::Error (Undefined variable: "$background_image_url".):
    4:     <title>Travlendar</title>
    5:     <%= csrf_meta_tags %>
    6: 
    7:     <%= stylesheet_link_tag    'application', media: 'all', 'data-turbolinks-track': 'reload' %>
    8:     <%= javascript_include_tag 'application', 'data-turbolinks-track': 'reload' %>
    9:   </head>
   10: 
  
app/assets/stylesheets/homepage.scss:14
app/views/layouts/application.html.erb:7:in `_app_views_layouts_application_html_erb___1560792068340894802_69815783663180'
Started GET "/" for 127.0.0.1 at 2017-12-05 19:12:25 +0100
Processing by HomepageController#index as HTML
  Rendering homepage/index.html.erb within layouts/application
  Rendered homepage/index.html.erb within layouts/application (7.8ms)
Completed 200 OK in 416ms (Views: 414.3ms | ActiveRecord: 0.0ms)


Started GET "/meeting/1" for 127.0.0.1 at 2017-12-05 19:12:33 +0100
Processing by MeetingController#show as HTML
  Parameters: {"id"=>"1"}
  [1m[36mUser Load (0.3ms)[0m  [1m[34mSELECT  "users".* FROM "users" WHERE "users"."id" = $1 LIMIT $2[0m  [["id", 13], ["LIMIT", 1]]
  [1m[36mMeeting Load (0.3ms)[0m  [1m[34mSELECT  "meetings".* FROM "meetings" WHERE "meetings"."id" = $1 LIMIT $2[0m  [["id", 1], ["LIMIT", 1]]
  Rendering meeting/show.html.erb within layouts/application
  Rendered shared/_header.html.erb (0.2ms)
  Rendered shared/_sidebar.html.erb (2.2ms)
  Rendered shared/_footer.html.erb (0.4ms)
  Rendered meeting/show.html.erb within layouts/application (5.7ms)
Completed 200 OK in 212ms (Views: 170.4ms | ActiveRecord: 0.6ms)


Started GET "/meeting/1" for 127.0.0.1 at 2017-12-05 19:13:09 +0100
Processing by MeetingController#show as HTML
  Parameters: {"id"=>"1"}
  [1m[36mUser Load (0.6ms)[0m  [1m[34mSELECT  "users".* FROM "users" WHERE "users"."id" = $1 LIMIT $2[0m  [["id", 13], ["LIMIT", 1]]
  [1m[36mMeeting Load (0.4ms)[0m  [1m[34mSELECT  "meetings".* FROM "meetings" WHERE "meetings"."id" = $1 LIMIT $2[0m  [["id", 1], ["LIMIT", 1]]
  Rendering meeting/show.html.erb within layouts/application
  Rendered shared/_header.html.erb (0.2ms)
  Rendered shared/_sidebar.html.erb (1.6ms)
  Rendered shared/_footer.html.erb (0.2ms)
  Rendered meeting/show.html.erb within layouts/application (4.0ms)
Completed 200 OK in 307ms (Views: 302.7ms | ActiveRecord: 1.0ms)


Started GET "/meeting/1" for 127.0.0.1 at 2017-12-05 19:17:00 +0100
Processing by MeetingController#show as HTML
  Parameters: {"id"=>"1"}
  [1m[36mUser Load (0.4ms)[0m  [1m[34mSELECT  "users".* FROM "users" WHERE "users"."id" = $1 LIMIT $2[0m  [["id", 13], ["LIMIT", 1]]
  [1m[36mMeeting Load (0.5ms)[0m  [1m[34mSELECT  "meetings".* FROM "meetings" WHERE "meetings"."id" = $1 LIMIT $2[0m  [["id", 1], ["LIMIT", 1]]
  Rendering meeting/show.html.erb within layouts/application
  Rendered shared/_header.html.erb (0.3ms)
  Rendered shared/_sidebar.html.erb (1.9ms)
  Rendered shared/_footer.html.erb (0.2ms)
  Rendered meeting/show.html.erb within layouts/application (4.8ms)
Completed 200 OK in 307ms (Views: 303.4ms | ActiveRecord: 0.8ms)


Started GET "/meeting/1" for 127.0.0.1 at 2017-12-05 19:20:10 +0100
Processing by MeetingController#show as HTML
  Parameters: {"id"=>"1"}
  [1m[36mUser Load (0.4ms)[0m  [1m[34mSELECT  "users".* FROM "users" WHERE "users"."id" = $1 LIMIT $2[0m  [["id", 13], ["LIMIT", 1]]
  [1m[36mMeeting Load (0.5ms)[0m  [1m[34mSELECT  "meetings".* FROM "meetings" WHERE "meetings"."id" = $1 LIMIT $2[0m  [["id", 1], ["LIMIT", 1]]
  Rendering meeting/show.html.erb within layouts/application
  Rendered shared/_header.html.erb (0.3ms)
  Rendered shared/_sidebar.html.erb (2.1ms)
  Rendered shared/_footer.html.erb (0.3ms)
  Rendered meeting/show.html.erb within layouts/application (5.1ms)
Completed 200 OK in 196ms (Views: 182.5ms | ActiveRecord: 0.9ms)


Started GET "/meeting/1" for 127.0.0.1 at 2017-12-05 19:20:40 +0100
Processing by MeetingController#show as HTML
  Parameters: {"id"=>"1"}
  [1m[36mUser Load (0.2ms)[0m  [1m[34mSELECT  "users".* FROM "users" WHERE "users"."id" = $1 LIMIT $2[0m  [["id", 13], ["LIMIT", 1]]
  [1m[36mMeeting Load (1.2ms)[0m  [1m[34mSELECT  "meetings".* FROM "meetings" WHERE "meetings"."id" = $1 LIMIT $2[0m  [["id", 1], ["LIMIT", 1]]
  Rendering meeting/show.html.erb within layouts/application
  Rendered shared/_header.html.erb (0.2ms)
  Rendered shared/_sidebar.html.erb (1.7ms)
  Rendered shared/_footer.html.erb (0.3ms)
  Rendered meeting/show.html.erb within layouts/application (6.3ms)
Completed 200 OK in 248ms (Views: 177.2ms | ActiveRecord: 19.5ms)


  [1m[36mMeetingParticipation Load (0.3ms)[0m  [1m[34mSELECT  "meeting_participations".* FROM "meeting_participations" LIMIT $1[0m  [["LIMIT", 11]]
Started GET "/meeting/1" for 127.0.0.1 at 2017-12-05 19:24:59 +0100
Processing by MeetingController#show as HTML
  Parameters: {"id"=>"1"}
  [1m[36mUser Load (0.3ms)[0m  [1m[34mSELECT  "users".* FROM "users" WHERE "users"."id" = $1 LIMIT $2[0m  [["id", 13], ["LIMIT", 1]]
  [1m[36mMeeting Load (1.0ms)[0m  [1m[34mSELECT  "meetings".* FROM "meetings" WHERE "meetings"."id" = $1 LIMIT $2[0m  [["id", 1], ["LIMIT", 1]]
  Rendering meeting/show.html.erb within layouts/application
  Rendered shared/_header.html.erb (0.2ms)
  Rendered shared/_sidebar.html.erb (3.8ms)
  Rendered shared/_footer.html.erb (0.3ms)
  Rendered meeting/show.html.erb within layouts/application (7.0ms)
Completed 200 OK in 260ms (Views: 255.7ms | ActiveRecord: 1.3ms)


Started GET "/meeting/1" for 127.0.0.1 at 2017-12-05 19:25:18 +0100
Processing by MeetingController#show as HTML
  Parameters: {"id"=>"1"}
  [1m[36mUser Load (0.3ms)[0m  [1m[34mSELECT  "users".* FROM "users" WHERE "users"."id" = $1 LIMIT $2[0m  [["id", 13], ["LIMIT", 1]]
  [1m[36mMeeting Load (0.2ms)[0m  [1m[34mSELECT  "meetings".* FROM "meetings" WHERE "meetings"."id" = $1 LIMIT $2[0m  [["id", 1], ["LIMIT", 1]]
  Rendering meeting/show.html.erb within layouts/application
  Rendered shared/_header.html.erb (0.2ms)
  Rendered shared/_sidebar.html.erb (4.4ms)
  Rendered shared/_footer.html.erb (0.3ms)
  Rendered meeting/show.html.erb within layouts/application (7.9ms)
Completed 200 OK in 238ms (Views: 235.6ms | ActiveRecord: 0.5ms)


Started GET "/meeting/1" for 127.0.0.1 at 2017-12-05 19:26:36 +0100
Processing by MeetingController#show as HTML
  Parameters: {"id"=>"1"}
  [1m[36mUser Load (0.4ms)[0m  [1m[34mSELECT  "users".* FROM "users" WHERE "users"."id" = $1 LIMIT $2[0m  [["id", 13], ["LIMIT", 1]]
  [1m[36mMeeting Load (0.4ms)[0m  [1m[34mSELECT  "meetings".* FROM "meetings" WHERE "meetings"."id" = $1 LIMIT $2[0m  [["id", 1], ["LIMIT", 1]]
  Rendering meeting/show.html.erb within layouts/application
  Rendered shared/_header.html.erb (0.5ms)
  Rendered shared/_sidebar.html.erb (3.5ms)
  Rendered shared/_footer.html.erb (0.3ms)
  Rendered meeting/show.html.erb within layouts/application (9.8ms)
Completed 200 OK in 288ms (Views: 285.0ms | ActiveRecord: 0.8ms)


Started GET "/meeting/1" for 127.0.0.1 at 2017-12-05 19:27:34 +0100
Processing by MeetingController#show as HTML
  Parameters: {"id"=>"1"}
  [1m[36mUser Load (0.2ms)[0m  [1m[34mSELECT  "users".* FROM "users" WHERE "users"."id" = $1 LIMIT $2[0m  [["id", 13], ["LIMIT", 1]]
  [1m[36mMeeting Load (0.3ms)[0m  [1m[34mSELECT  "meetings".* FROM "meetings" WHERE "meetings"."id" = $1 LIMIT $2[0m  [["id", 1], ["LIMIT", 1]]
  Rendering meeting/show.html.erb within layouts/application
  Rendered shared/_header.html.erb (0.3ms)
  Rendered shared/_sidebar.html.erb (1.8ms)
  Rendered shared/_footer.html.erb (0.3ms)
  Rendered meeting/show.html.erb within layouts/application (5.1ms)
Completed 200 OK in 236ms (Views: 231.2ms | ActiveRecord: 0.5ms)


Started GET "/meeting/1" for 127.0.0.1 at 2017-12-05 19:28:20 +0100
Processing by MeetingController#show as HTML
  Parameters: {"id"=>"1"}
  [1m[36mUser Load (1.5ms)[0m  [1m[34mSELECT  "users".* FROM "users" WHERE "users"."id" = $1 LIMIT $2[0m  [["id", 13], ["LIMIT", 1]]
  [1m[36mMeeting Load (0.5ms)[0m  [1m[34mSELECT  "meetings".* FROM "meetings" WHERE "meetings"."id" = $1 LIMIT $2[0m  [["id", 1], ["LIMIT", 1]]
  Rendering meeting/show.html.erb within layouts/application
  Rendered shared/_header.html.erb (0.2ms)
  Rendered shared/_sidebar.html.erb (1.8ms)
  Rendered shared/_footer.html.erb (0.2ms)
  Rendered meeting/show.html.erb within layouts/application (4.3ms)
Completed 200 OK in 288ms (Views: 282.9ms | ActiveRecord: 2.0ms)


Started GET "/meeting/1" for 127.0.0.1 at 2017-12-05 19:28:56 +0100
Processing by MeetingController#show as HTML
  Parameters: {"id"=>"1"}
  [1m[36mUser Load (0.8ms)[0m  [1m[34mSELECT  "users".* FROM "users" WHERE "users"."id" = $1 LIMIT $2[0m  [["id", 13], ["LIMIT", 1]]
  [1m[36mMeeting Load (0.3ms)[0m  [1m[34mSELECT  "meetings".* FROM "meetings" WHERE "meetings"."id" = $1 LIMIT $2[0m  [["id", 1], ["LIMIT", 1]]
  Rendering meeting/show.html.erb within layouts/application
  Rendered shared/_header.html.erb (0.2ms)
  Rendered shared/_sidebar.html.erb (2.5ms)
  Rendered shared/_footer.html.erb (0.3ms)
  Rendered meeting/show.html.erb within layouts/application (6.8ms)
Completed 200 OK in 282ms (Views: 272.3ms | ActiveRecord: 1.1ms)


Started GET "/meeting/1" for 127.0.0.1 at 2017-12-05 19:30:24 +0100
Processing by MeetingController#show as HTML
  Parameters: {"id"=>"1"}
  [1m[36mUser Load (0.4ms)[0m  [1m[34mSELECT  "users".* FROM "users" WHERE "users"."id" = $1 LIMIT $2[0m  [["id", 13], ["LIMIT", 1]]
  [1m[36mMeeting Load (1.3ms)[0m  [1m[34mSELECT  "meetings".* FROM "meetings" WHERE "meetings"."id" = $1 LIMIT $2[0m  [["id", 1], ["LIMIT", 1]]
  Rendering meeting/show.html.erb within layouts/application
  Rendered shared/_header.html.erb (0.2ms)
  Rendered shared/_sidebar.html.erb (1.7ms)
  Rendered shared/_footer.html.erb (0.2ms)
  Rendered meeting/show.html.erb within layouts/application (4.2ms)
Completed 200 OK in 295ms (Views: 289.5ms | ActiveRecord: 1.6ms)


Started GET "/meeting/1" for 127.0.0.1 at 2017-12-05 19:30:33 +0100
Processing by MeetingController#show as HTML
  Parameters: {"id"=>"1"}
  [1m[36mUser Load (0.2ms)[0m  [1m[34mSELECT  "users".* FROM "users" WHERE "users"."id" = $1 LIMIT $2[0m  [["id", 13], ["LIMIT", 1]]
  [1m[36mMeeting Load (0.2ms)[0m  [1m[34mSELECT  "meetings".* FROM "meetings" WHERE "meetings"."id" = $1 LIMIT $2[0m  [["id", 1], ["LIMIT", 1]]
  Rendering meeting/show.html.erb within layouts/application
  Rendered shared/_header.html.erb (0.5ms)
  Rendered shared/_sidebar.html.erb (2.6ms)
  Rendered shared/_footer.html.erb (0.6ms)
  Rendered meeting/show.html.erb within layouts/application (10.4ms)
Completed 200 OK in 293ms (Views: 289.7ms | ActiveRecord: 0.4ms)


Started GET "/meeting/1" for 127.0.0.1 at 2017-12-05 19:30:50 +0100
Processing by MeetingController#show as HTML
  Parameters: {"id"=>"1"}
  [1m[36mUser Load (0.4ms)[0m  [1m[34mSELECT  "users".* FROM "users" WHERE "users"."id" = $1 LIMIT $2[0m  [["id", 13], ["LIMIT", 1]]
  [1m[36mMeeting Load (0.4ms)[0m  [1m[34mSELECT  "meetings".* FROM "meetings" WHERE "meetings"."id" = $1 LIMIT $2[0m  [["id", 1], ["LIMIT", 1]]
  Rendering meeting/show.html.erb within layouts/application
  Rendered shared/_header.html.erb (0.4ms)
  Rendered shared/_sidebar.html.erb (2.2ms)
  Rendered meeting/show.html.erb within layouts/application (4.5ms)
Completed 200 OK in 170ms (Views: 164.6ms | ActiveRecord: 0.8ms)


